<?xml version="1.0" encoding="UTF-8"?>
<!-- Generated by org.testng.reporters.JUnitReportReporter -->
<testsuite hostname="Sam" failures="0" tests="1" name="RestAssuredwithJsonSimple.postResquest2" time="2.420" errors="0" timestamp="2024-05-03T06:37:52 EDT" skipped="0">
  <testcase classname="RestAssuredwithJsonSimple.postResquest2" name="testPost" time="2.420"/>
  <system-out/>
</testsuite> <!-- RestAssuredwithJsonSimple.postResquest2 -->
