<?xml version="1.0" encoding="UTF-8"?>
<!-- Generated by org.testng.reporters.JUnitReportReporter -->
<testsuite hostname="Sam" failures="0" tests="1" name="restAssuredOnLocalServer.LocalDelete" time="1.549" errors="0" timestamp="2024-05-05T04:44:10 EDT" skipped="0">
  <testcase classname="restAssuredOnLocalServer.LocalDelete" name="Delete" time="1.549"/>
  <system-out/>
</testsuite> <!-- restAssuredOnLocalServer.LocalDelete -->
