<?xml version="1.0" encoding="UTF-8"?>
<!-- Generated by org.testng.reporters.JUnitReportReporter -->
<testsuite hostname="Sam" failures="0" tests="1" name="RestAssuredwithJsonSimple.getPost" time="0.011" errors="0" timestamp="2024-05-02T19:41:52 EDT" skipped="0">
  <testcase classname="RestAssuredwithJsonSimple.getPost" name="testPost" time="0.011"/>
  <system-out/>
</testsuite> <!-- RestAssuredwithJsonSimple.getPost -->
