<?xml version="1.0" encoding="UTF-8"?>
<!-- Generated by org.testng.reporters.JUnitReportReporter -->
<testsuite hostname="Sam" failures="0" tests="1" name="RestAssuredwithJsonSimple.postRequest" time="2.095" errors="0" timestamp="2024-04-29T18:47:35 EDT" skipped="0">
  <testcase classname="RestAssuredwithJsonSimple.postRequest" name="getrequest1" time="2.095"/>
  <system-out/>
</testsuite> <!-- RestAssuredwithJsonSimple.postRequest -->
