<?xml version="1.0" encoding="UTF-8"?>
<!-- Generated by org.testng.reporters.JUnitReportReporter -->
<testsuite hostname="Sam" failures="0" tests="1" name="restAssuredwithJsonSimple.JsonSchemaValidator" time="2.579" errors="0" timestamp="2024-05-05T07:56:10 EDT" skipped="0">
  <testcase classname="restAssuredwithJsonSimple.JsonSchemaValidator" name="testGet" time="2.579"/>
  <system-out/>
</testsuite> <!-- restAssuredwithJsonSimple.JsonSchemaValidator -->
