<?xml version="1.0" encoding="UTF-8"?>
<!-- Generated by org.testng.reporters.JUnitReportReporter -->
<testsuite hostname="Sam" failures="0" tests="1" name="restAssuredwithJsonSimple.deleteRequest$PutRequest" time="2.557" errors="0" timestamp="2024-05-04T18:13:51 EDT" skipped="0">
  <testcase classname="restAssuredwithJsonSimple.deleteRequest$PutRequest" name="testDelete" time="2.557"/>
  <system-out/>
</testsuite> <!-- restAssuredwithJsonSimple.deleteRequest$PutRequest -->
