<?xml version="1.0" encoding="UTF-8"?>
<!-- Generated by org.testng.reporters.JUnitReportReporter -->
<testsuite hostname="Sam" failures="0" tests="1" name="RestAssuredwithJsonSimple.PutRequest" time="2.526" errors="0" timestamp="2024-05-03T09:35:36 EDT" skipped="0">
  <testcase classname="RestAssuredwithJsonSimple.PutRequest" name="testPut" time="2.526"/>
  <system-out/>
</testsuite> <!-- RestAssuredwithJsonSimple.PutRequest -->
