<?xml version="1.0" encoding="UTF-8"?>
<!-- Generated by org.testng.reporters.JUnitReportReporter -->
<testsuite hostname="Sam" failures="0" tests="1" name="RestAssuredwithJsonSimple.patchRequest$PutRequest" time="2.333" errors="0" timestamp="2024-05-03T09:42:45 EDT" skipped="0">
  <testcase classname="RestAssuredwithJsonSimple.patchRequest$PutRequest" name="testPutch" time="2.333"/>
  <system-out/>
</testsuite> <!-- RestAssuredwithJsonSimple.patchRequest$PutRequest -->
