<?xml version="1.0" encoding="UTF-8"?>
<!-- Generated by org.testng.reporters.JUnitReportReporter -->
<testsuite hostname="Sam" failures="0" tests="1" name="restAssuredOnLocalServer.LocalGet" time="1.706" errors="0" timestamp="2024-05-04T18:57:10 EDT" skipped="0">
  <testcase classname="restAssuredOnLocalServer.LocalGet" name="get" time="1.706"/>
  <system-out/>
</testsuite> <!-- restAssuredOnLocalServer.LocalGet -->
