<?xml version="1.0" encoding="UTF-8"?>
<!-- Generated by org.testng.reporters.JUnitReportReporter -->
<testsuite hostname="Sam" failures="0" tests="1" name="restAssuredOnLocalServer.LocalPatch" time="1.656" errors="0" timestamp="2024-05-05T04:31:13 EDT" skipped="0">
  <testcase classname="restAssuredOnLocalServer.LocalPatch" name="Patch" time="1.656"/>
  <system-out/>
</testsuite> <!-- restAssuredOnLocalServer.LocalPatch -->
