<?xml version="1.0" encoding="UTF-8"?>
<!-- Generated by org.testng.reporters.JUnitReportReporter -->
<testsuite hostname="Sam" failures="0" tests="1" name="RestAssuredwithJsonSimple.deleteRequest$PutRequest" time="2.377" errors="0" timestamp="2024-05-03T09:48:33 EDT" skipped="0">
  <testcase classname="RestAssuredwithJsonSimple.deleteRequest$PutRequest" name="testDelete" time="2.377"/>
  <system-out/>
</testsuite> <!-- RestAssuredwithJsonSimple.deleteRequest$PutRequest -->
