<?xml version="1.0" encoding="UTF-8"?>
<!-- Generated by org.testng.reporters.JUnitReportReporter -->
<testsuite hostname="Sam" failures="0" tests="1" name="restAssuredwithJsonSimple.getRequest2" time="2.798" errors="0" timestamp="2024-05-05T06:10:45 EDT" skipped="0">
  <testcase classname="restAssuredwithJsonSimple.getRequest2" name="testGet" time="2.798"/>
  <system-out/>
</testsuite> <!-- restAssuredwithJsonSimple.getRequest2 -->
