<?xml version="1.0" encoding="UTF-8"?>
<!-- Generated by org.testng.reporters.JUnitReportReporter -->
<testsuite hostname="Sam" failures="0" tests="2" name="RestAssuredwithJsonSimple.postRequest" time="2.992" errors="0" timestamp="2024-04-30T08:20:29 EDT" skipped="0">
  <testcase classname="RestAssuredwithJsonSimple.postRequest" name="getrequest1" time="1.746"/>
  <system-out/>
  <testcase classname="RestAssuredwithJsonSimple.postRequest" name="getrequest2" time="1.246"/>
  <system-out/>
</testsuite> <!-- RestAssuredwithJsonSimple.postRequest -->
