<?xml version="1.0" encoding="UTF-8"?>
<!-- Generated by org.testng.reporters.JUnitReportReporter -->
<testsuite hostname="Sam" failures="0" tests="1" name="RestAssuredwithJsonSimple.getRequest2" time="3.823" errors="0" timestamp="2024-05-02T19:04:23 EDT" skipped="0">
  <testcase classname="RestAssuredwithJsonSimple.getRequest2" name="testGet" time="3.823"/>
  <system-out/>
</testsuite> <!-- RestAssuredwithJsonSimple.getRequest2 -->
