<?xml version="1.0" encoding="UTF-8"?>
<!-- Generated by org.testng.reporters.JUnitReportReporter -->
<testsuite hostname="Sam" failures="0" tests="1" name="restAssuredOnLocalServer.LocalPut" time="1.654" errors="0" timestamp="2024-05-05T04:24:24 EDT" skipped="0">
  <testcase classname="restAssuredOnLocalServer.LocalPut" name="Put" time="1.654"/>
  <system-out/>
</testsuite> <!-- restAssuredOnLocalServer.LocalPut -->
