<?xml version="1.0" encoding="UTF-8"?>
<!-- Generated by org.testng.reporters.JUnitReportReporter -->
<testsuite hostname="Sam" failures="0" tests="1" name="restAssuredOnLocalServer.LocalPost" time="2.197" errors="0" timestamp="2024-05-04T19:22:29 EDT" skipped="0">
  <testcase classname="restAssuredOnLocalServer.LocalPost" name="Post" time="2.197"/>
  <system-out/>
</testsuite> <!-- restAssuredOnLocalServer.LocalPost -->
