<?xml version="1.0" encoding="UTF-8"?>
<!-- Generated by org.testng.reporters.JUnitReportReporter -->
<testsuite hostname="Sam" failures="0" tests="1" name="RestAssuredwithJsonSimple.getResquest2" time="0.012" errors="0" timestamp="2024-05-03T06:00:28 EDT" skipped="0">
  <testcase classname="RestAssuredwithJsonSimple.getResquest2" name="testPost" time="0.012"/>
  <system-out/>
</testsuite> <!-- RestAssuredwithJsonSimple.getResquest2 -->
